[03Jan2025 00:00:14.936] [Server thread/INFO] [net.minecraft.server.MinecraftServer/]: tutito was shot by Isaiah
[03Jan2025 00:00:16.986] [Server thread/INFO] [net.minecraft.server.MinecraftServer/]: zxymatthewyxz was shot by Isaiah
[03Jan2025 00:00:36.068] [Server thread/INFO] [net.minecraft.server.MinecraftServer/]: [zxymatthewyxz: Teleported zxymatthewyxz to 162.500000, 73.500000, 646.500000]
[03Jan2025 00:00:40.003] [Server thread/INFO] [net.minecraft.server.MinecraftServer/]: [zxymatthewyxz: Teleported 2 entities to zxymatthewyxz]
[03Jan2025 00:04:05.640] [Server thread/INFO] [net.minecraft.server.MinecraftServer/]: zxymatthewyxz has made the advancement [The Lighthouse]
[03Jan2025 00:04:24.506] [Server thread/INFO] [net.minecraft.server.MinecraftServer/]: tutito has made the advancement [A Little Hot Rod Red]
[03Jan2025 00:04:48.809] [Server thread/INFO] [net.minecraft.server.MinecraftServer/]: tutito has made the advancement [Sweet Dreams]
[03Jan2025 00:04:52.816] [Server thread/INFO] [net.minecraft.server.MinecraftServer/]: zxymatthewyxz has made the advancement [Sweet Dreams]
[03Jan2025 00:07:28.238] [Server thread/INFO] [net.minecraft.server.network.ServerGamePacketListenerImpl/]: zxymatthewyxz lost connection: Disconnected
[03Jan2025 00:07:28.239] [Server thread/INFO] [net.minecraft.server.MinecraftServer/]: zxymatthewyxz left the game
[03Jan2025 00:07:28.239] [Server thread/INFO] [xaero.pac.OpenPartiesAndClaims/]: Updating all forceload tickets for 433be659-15d5-3745-9436-55cee3bfccfc
[03Jan2025 00:07:31.331] [Server thread/INFO] [net.minecraft.server.MinecraftServer/]: tutito has made the advancement [Mine? Mine? Mine?]
[03Jan2025 00:08:36.453] [Server thread/INFO] [net.minecraft.server.players.PlayerList/]: zxymatthewyxz[/100.92.27.104:63987] logged in with entity id 13141 at (31.69999998807907, 73.0, 614.1640144217611)
[03Jan2025 00:08:36.460] [Server thread/INFO] [ModdingLegacy/blue_skies/]: Sending ToolHandleTypeManager to zxymatthewyxz
[03Jan2025 00:08:36.460] [Server thread/INFO] [ModdingLegacy/blue_skies/]: Sending SnowcapOvenFreezingManager to zxymatthewyxz
[03Jan2025 00:08:36.461] [Server thread/INFO] [ModdingLegacy/blue_skies/]: Sending HorizoniteForgeFuelManager to zxymatthewyxz
[03Jan2025 00:08:36.461] [Server thread/INFO] [ModdingLegacy/blue_skies/]: Sending AlchemyRecipeManager to zxymatthewyxz
[03Jan2025 00:08:36.463] [Server thread/INFO] [ModdingLegacy/blue_skies/]: Sending JournalEntryManager to zxymatthewyxz
[03Jan2025 00:08:36.466] [Server thread/INFO] [ModdingLegacy/blue_skies/]: Sending JournalSectionManager to zxymatthewyxz
[03Jan2025 00:08:36.466] [Server thread/INFO] [ModdingLegacy/blue_skies/]: Sending JournalRequirementManager to zxymatthewyxz
[03Jan2025 00:08:36.479] [Server thread/INFO] [org.betterx.worlds.together.util.Logger/]: [betternether] Freeze Registry[ResourceKey[minecraft:root / worlds_together:worldgen/betterx/surface_rules] (Stable)]
[03Jan2025 00:08:36.560] [Server thread/INFO] [net.minecraft.server.MinecraftServer/]: zxymatthewyxz joined the game
[03Jan2025 00:08:36.641] [Server thread/INFO] [xaero.pac.OpenPartiesAndClaims/]: Updating all forceload tickets for 433be659-15d5-3745-9436-55cee3bfccfc
[03Jan2025 00:08:36.651] [Server thread/INFO] [Jade/]: Syncing config to zxymatthewyxz (433be659-15d5-3745-9436-55cee3bfccfc)
[03Jan2025 00:08:37.066] [Server thread/INFO] [ping-wheel/]: Channel update: zxymatthewyxz -> default
[03Jan2025 00:08:37.067] [Server thread/INFO] [org.betterx.worlds.together.util.Logger/]: [bclib] Auto-Sync was disabled on the server.
